<?xml version='1.0' encoding='UTF-8'?>
<testsuite hostname="GustavLaptop" name="Mux4Spec" tests="1" errors="0" failures="1" skipped="0" time="3.74" timestamp="2023-05-09T12:09:11">
          <properties>
[...]
</properties>
          <testcase classname="Mux4Spec" name="Mux4 should pass" time="3.74">
                      <failure message="io_y=0 (0x0) did not equal expected=1 (0x1) (lines in HelloSpec.scala: 20, 9, 8, 7)" type="org.scalatest.exceptions.TestFailedException">org.scalatest.exceptions.TestFailedException: io_y=0 (0x0) did not equal expected=1 (0x1) (lines in HelloSpec.scala: 20, 9, 8, 7)
	at chiseltest.internal.TestEnvInterface.signalExpectFailure(TestEnvInterface.scala:60)
	at chiseltest.internal.TestEnvInterface.signalExpectFailure$(TestEnvInterface.scala:45)
	at Mux4Spec.signalExpectFailure(HelloSpec.scala:5)
	at chiseltest.package$Utils$.expectFailed(package.scala:499)
	at chiseltest.package$Utils$.expectBits(package.scala:490)
	at chiseltest.package$testableUInt.expectInternal(package.scala:55)
	at chiseltest.package$testableUInt.expect(package.scala:57)
	at Mux4Spec.$anonfun$new$5(HelloSpec.scala:20)
	at scala.collection.immutable.Range.foreach$mVc$sp(Range.scala:190)
	at Mux4Spec.$anonfun$new$4(HelloSpec.scala:9)
	at scala.collection.immutable.Range.foreach$mVc$sp(Range.scala:190)
	at Mux4Spec.$anonfun$new$3(HelloSpec.scala:8)
	at Mux4Spec.$anonfun$new$3$adapted(HelloSpec.scala:7)
	at chiseltest.internal.GenericBackend.$anonfun$run$1(GenericBackend.scala:153)
	at chiseltest.internal.ThreadedBackend$TesterThread$$anon$1.$anonfun$run$1(ThreadedBackend.scala:495)
	at chiseltest.internal.GenericBackend.doTimescope(GenericBackend.scala:98)
	at chiseltest.internal.ThreadedBackend$TesterThread$$anon$1.run(ThreadedBackend.scala:495)
	at java.lang.Thread.run(Unknown Source)
Caused by: chiseltest.internal.FailedExpectException: io_y=0 (0x0) did not equal expected=1 (0x1) (lines in HelloSpec.scala: 20, 9, 8, 7)
	... 18 more
</failure>
                    </testcase>
          <system-out><![CDATA[]]></system-out>
          <system-err><![CDATA[]]></system-err>
        </testsuite>