<?xml version='1.0' encoding='UTF-8'?>
<testsuite hostname="GustavLaptop" name="CacheControllerTest" tests="10" errors="0" failures="0" skipped="0" time="9.21" timestamp="2025-03-06T14:41:58">
          <properties>
[...]
</properties>
          <testcase classname="CacheControllerTest" name="Controller should init" time="3.592">
                      
                    </testcase><testcase classname="CacheControllerTest" name="Controller should miss" time="1.637">
                      
                    </testcase><testcase classname="CacheControllerTest" name="Controller should be invalid" time="0.567">
                      
                    </testcase><testcase classname="CacheControllerTest" name="Controller should be valid" time="0.458">
                      
                    </testcase><testcase classname="CacheControllerTest" name="Controller should hit" time="0.549">
                      
                    </testcase><testcase classname="CacheControllerTest" name="Controller should write" time="0.489">
                      
                    </testcase><testcase classname="CacheControllerTest" name="Controller should read" time="0.505">
                      
                    </testcase><testcase classname="CacheControllerTest" name="Controller should read (other word in block)" time="0.56">
                      
                    </testcase><testcase classname="CacheControllerTest" name="Controller should be invalid (new block)" time="0.429">
                      
                    </testcase><testcase classname="CacheControllerTest" name="Controller should allocate" time="0.424">
                      
                    </testcase>
          <system-out><![CDATA[]]></system-out>
          <system-err><![CDATA[]]></system-err>
        </testsuite>